[INFO ] 2024-12-14 06:32:58.024 [main] ParaBank - App Launch SuccessFull
[INFO ] 2024-12-14 06:33:56.391 [main] ParaBank - App Launch SuccessFull
[INFO ] 2024-12-14 06:33:58.164 [main] ParaBank - Registration SuccessFull
[INFO ] 2024-12-14 06:34:02.958 [main] ParaBank - Logout Successfull
[INFO ] 2024-12-14 06:34:06.231 [main] ParaBank - LogIn Successfull
[INFO ] 2024-12-14 06:34:08.663 [main] ParaBank - Initial Account Balance Details Successfull!!
[INFO ] 2024-12-14 06:34:18.774 [main] ParaBank - New Account Opening Successfull
[INFO ] 2024-12-14 06:34:26.288 [main] ParaBank - Fund Transfer Successfull
[INFO ] 2024-12-14 06:34:34.190 [main] ParaBank - Bill Payment Successfull
[INFO ] 2024-12-14 06:34:37.610 [main] ParaBank - Find by Transactions API..Verification Successfull!!
[INFO ] 2024-12-14 06:43:56.300 [main] ParaBank - App Launch SuccessFull
[INFO ] 2024-12-14 06:43:59.755 [main] ParaBank - Registration SuccessFull
[INFO ] 2024-12-14 06:44:06.264 [main] ParaBank - Logout Successfull
[INFO ] 2024-12-14 06:44:09.979 [main] ParaBank - LogIn Successfull
[INFO ] 2024-12-14 06:44:12.699 [main] ParaBank - Initial Account Balance Details Successfull!!
[INFO ] 2024-12-14 06:44:22.795 [main] ParaBank - New Account Opening Successfull
[INFO ] 2024-12-14 06:44:29.678 [main] ParaBank - Fund Transfer Successfull
[INFO ] 2024-12-14 06:44:37.191 [main] ParaBank - Bill Payment Successfull
[INFO ] 2024-12-14 06:44:41.193 [main] ParaBank - Find by Transactions API..Verification Successfull!!
[INFO ] 2024-12-14 06:50:22.374 [main] ParaBank - App Launch SuccessFull
[INFO ] 2024-12-14 06:50:24.910 [main] ParaBank - Registration SuccessFull
[INFO ] 2024-12-14 06:50:29.630 [main] ParaBank - Logout Successfull
[INFO ] 2024-12-14 06:50:32.929 [main] ParaBank - LogIn Successfull
[INFO ] 2024-12-14 06:50:35.450 [main] ParaBank - Initial Account Balance Details Successfull!!
[INFO ] 2024-12-14 06:50:46.170 [main] ParaBank - New Account Opening Successfull
[INFO ] 2024-12-14 06:50:53.074 [main] ParaBank - Fund Transfer Successfull
[INFO ] 2024-12-14 06:51:00.742 [main] ParaBank - Bill Payment Successfull
[INFO ] 2024-12-14 06:51:05.227 [main] ParaBank - Find by Transactions API..Verification Successfull!!
